<?xml version="1.0" encoding="UTF-8"?>
<testsuite xmlns:xsi="http://www.w3.org/2001/XMLSchema-instance" xsi:noNamespaceSchemaLocation="https://maven.apache.org/surefire/maven-surefire-plugin/xsd/surefire-test-report.xsd" name="com.exam.exam.ExamApplicationTests" time="0.585" tests="1" errors="1" skipped="0" failures="0">
  <properties>
    <property name="sun.desktop" value="windows"/>
    <property name="awt.toolkit" value="sun.awt.windows.WToolkit"/>
    <property name="file.encoding.pkg" value="sun.io"/>
    <property name="java.specification.version" value="1.8"/>
    <property name="sun.cpu.isalist" value="amd64"/>
    <property name="sun.jnu.encoding" value="GBK"/>
    <property name="java.class.path" value="C:\Users\asus\Desktop\软件\english-demo\english\target\test-classes;C:\Users\asus\Desktop\软件\english-demo\english\target\classes;E:\mymean\java\maven\rep\org\springframework\boot\spring-boot-starter-thymeleaf\2.1.4.RELEASE\spring-boot-starter-thymeleaf-2.1.4.RELEASE.jar;E:\mymean\java\maven\rep\org\springframework\boot\spring-boot-starter\2.1.4.RELEASE\spring-boot-starter-2.1.4.RELEASE.jar;E:\mymean\java\maven\rep\org\springframework\boot\spring-boot-starter-logging\2.1.4.RELEASE\spring-boot-starter-logging-2.1.4.RELEASE.jar;E:\mymean\java\maven\rep\ch\qos\logback\logback-classic\1.2.3\logback-classic-1.2.3.jar;E:\mymean\java\maven\rep\ch\qos\logback\logback-core\1.2.3\logback-core-1.2.3.jar;E:\mymean\java\maven\rep\org\apache\logging\log4j\log4j-to-slf4j\2.11.2\log4j-to-slf4j-2.11.2.jar;E:\mymean\java\maven\rep\org\apache\logging\log4j\log4j-api\2.11.2\log4j-api-2.11.2.jar;E:\mymean\java\maven\rep\org\slf4j\jul-to-slf4j\1.7.26\jul-to-slf4j-1.7.26.jar;E:\mymean\java\maven\rep\javax\annotation\javax.annotation-api\1.3.2\javax.annotation-api-1.3.2.jar;E:\mymean\java\maven\rep\org\yaml\snakeyaml\1.23\snakeyaml-1.23.jar;E:\mymean\java\maven\rep\org\thymeleaf\thymeleaf-spring5\3.0.11.RELEASE\thymeleaf-spring5-3.0.11.RELEASE.jar;E:\mymean\java\maven\rep\org\thymeleaf\thymeleaf\3.0.11.RELEASE\thymeleaf-3.0.11.RELEASE.jar;E:\mymean\java\maven\rep\org\attoparser\attoparser\2.0.5.RELEASE\attoparser-2.0.5.RELEASE.jar;E:\mymean\java\maven\rep\org\unbescape\unbescape\1.1.6.RELEASE\unbescape-1.1.6.RELEASE.jar;E:\mymean\java\maven\rep\org\thymeleaf\extras\thymeleaf-extras-java8time\3.0.4.RELEASE\thymeleaf-extras-java8time-3.0.4.RELEASE.jar;E:\mymean\java\maven\rep\org\springframework\boot\spring-boot-starter-web\2.1.4.RELEASE\spring-boot-starter-web-2.1.4.RELEASE.jar;E:\mymean\java\maven\rep\org\springframework\boot\spring-boot-starter-json\2.1.4.RELEASE\spring-boot-starter-json-2.1.4.RELEASE.jar;E:\mymean\java\maven\rep\com\fasterxml\jackson\core\jackson-databind\2.9.8\jackson-databind-2.9.8.jar;E:\mymean\java\maven\rep\com\fasterxml\jackson\core\jackson-annotations\2.9.0\jackson-annotations-2.9.0.jar;E:\mymean\java\maven\rep\com\fasterxml\jackson\core\jackson-core\2.9.8\jackson-core-2.9.8.jar;E:\mymean\java\maven\rep\com\fasterxml\jackson\datatype\jackson-datatype-jdk8\2.9.8\jackson-datatype-jdk8-2.9.8.jar;E:\mymean\java\maven\rep\com\fasterxml\jackson\datatype\jackson-datatype-jsr310\2.9.8\jackson-datatype-jsr310-2.9.8.jar;E:\mymean\java\maven\rep\com\fasterxml\jackson\module\jackson-module-parameter-names\2.9.8\jackson-module-parameter-names-2.9.8.jar;E:\mymean\java\maven\rep\org\springframework\boot\spring-boot-starter-tomcat\2.1.4.RELEASE\spring-boot-starter-tomcat-2.1.4.RELEASE.jar;E:\mymean\java\maven\rep\org\apache\tomcat\embed\tomcat-embed-core\9.0.17\tomcat-embed-core-9.0.17.jar;E:\mymean\java\maven\rep\org\apache\tomcat\embed\tomcat-embed-el\9.0.17\tomcat-embed-el-9.0.17.jar;E:\mymean\java\maven\rep\org\apache\tomcat\embed\tomcat-embed-websocket\9.0.17\tomcat-embed-websocket-9.0.17.jar;E:\mymean\java\maven\rep\org\hibernate\validator\hibernate-validator\6.0.16.Final\hibernate-validator-6.0.16.Final.jar;E:\mymean\java\maven\rep\javax\validation\validation-api\2.0.1.Final\validation-api-2.0.1.Final.jar;E:\mymean\java\maven\rep\org\jboss\logging\jboss-logging\3.3.2.Final\jboss-logging-3.3.2.Final.jar;E:\mymean\java\maven\rep\com\fasterxml\classmate\1.4.0\classmate-1.4.0.jar;E:\mymean\java\maven\rep\org\springframework\spring-web\5.1.6.RELEASE\spring-web-5.1.6.RELEASE.jar;E:\mymean\java\maven\rep\org\springframework\spring-beans\5.1.6.RELEASE\spring-beans-5.1.6.RELEASE.jar;E:\mymean\java\maven\rep\org\springframework\spring-webmvc\5.1.6.RELEASE\spring-webmvc-5.1.6.RELEASE.jar;E:\mymean\java\maven\rep\org\springframework\spring-context\5.1.6.RELEASE\spring-context-5.1.6.RELEASE.jar;E:\mymean\java\maven\rep\org\springframework\spring-expression\5.1.6.RELEASE\spring-expression-5.1.6.RELEASE.jar;E:\mymean\java\maven\rep\org\mybatis\spring\boot\mybatis-spring-boot-starter\2.0.1\mybatis-spring-boot-starter-2.0.1.jar;E:\mymean\java\maven\rep\org\springframework\boot\spring-boot-starter-jdbc\2.1.4.RELEASE\spring-boot-starter-jdbc-2.1.4.RELEASE.jar;E:\mymean\java\maven\rep\com\zaxxer\HikariCP\3.2.0\HikariCP-3.2.0.jar;E:\mymean\java\maven\rep\org\springframework\spring-jdbc\5.1.6.RELEASE\spring-jdbc-5.1.6.RELEASE.jar;E:\mymean\java\maven\rep\org\springframework\spring-tx\5.1.6.RELEASE\spring-tx-5.1.6.RELEASE.jar;E:\mymean\java\maven\rep\org\mybatis\spring\boot\mybatis-spring-boot-autoconfigure\2.0.1\mybatis-spring-boot-autoconfigure-2.0.1.jar;E:\mymean\java\maven\rep\org\mybatis\mybatis\3.5.1\mybatis-3.5.1.jar;E:\mymean\java\maven\rep\org\mybatis\mybatis-spring\2.0.1\mybatis-spring-2.0.1.jar;E:\mymean\java\maven\rep\mysql\mysql-connector-java\8.0.15\mysql-connector-java-8.0.15.jar;E:\mymean\java\maven\rep\org\springframework\boot\spring-boot-starter-test\2.1.4.RELEASE\spring-boot-starter-test-2.1.4.RELEASE.jar;E:\mymean\java\maven\rep\org\springframework\boot\spring-boot-test\2.1.4.RELEASE\spring-boot-test-2.1.4.RELEASE.jar;E:\mymean\java\maven\rep\org\springframework\boot\spring-boot-test-autoconfigure\2.1.4.RELEASE\spring-boot-test-autoconfigure-2.1.4.RELEASE.jar;E:\mymean\java\maven\rep\com\jayway\jsonpath\json-path\2.4.0\json-path-2.4.0.jar;E:\mymean\java\maven\rep\net\minidev\json-smart\2.3\json-smart-2.3.jar;E:\mymean\java\maven\rep\net\minidev\accessors-smart\1.2\accessors-smart-1.2.jar;E:\mymean\java\maven\rep\org\ow2\asm\asm\5.0.4\asm-5.0.4.jar;E:\mymean\java\maven\rep\junit\junit\4.12\junit-4.12.jar;E:\mymean\java\maven\rep\org\assertj\assertj-core\3.11.1\assertj-core-3.11.1.jar;E:\mymean\java\maven\rep\org\mockito\mockito-core\2.23.4\mockito-core-2.23.4.jar;E:\mymean\java\maven\rep\net\bytebuddy\byte-buddy\1.9.12\byte-buddy-1.9.12.jar;E:\mymean\java\maven\rep\net\bytebuddy\byte-buddy-agent\1.9.12\byte-buddy-agent-1.9.12.jar;E:\mymean\java\maven\rep\org\objenesis\objenesis\2.6\objenesis-2.6.jar;E:\mymean\java\maven\rep\org\hamcrest\hamcrest-core\1.3\hamcrest-core-1.3.jar;E:\mymean\java\maven\rep\org\hamcrest\hamcrest-library\1.3\hamcrest-library-1.3.jar;E:\mymean\java\maven\rep\org\skyscreamer\jsonassert\1.5.0\jsonassert-1.5.0.jar;E:\mymean\java\maven\rep\com\vaadin\external\google\android-json\0.0.20131108.vaadin1\android-json-0.0.20131108.vaadin1.jar;E:\mymean\java\maven\rep\org\springframework\spring-core\5.1.6.RELEASE\spring-core-5.1.6.RELEASE.jar;E:\mymean\java\maven\rep\org\springframework\spring-jcl\5.1.6.RELEASE\spring-jcl-5.1.6.RELEASE.jar;E:\mymean\java\maven\rep\org\springframework\spring-test\5.1.6.RELEASE\spring-test-5.1.6.RELEASE.jar;E:\mymean\java\maven\rep\org\xmlunit\xmlunit-core\2.6.2\xmlunit-core-2.6.2.jar;E:\mymean\java\maven\rep\org\springframework\boot\spring-boot-starter-security\2.1.4.RELEASE\spring-boot-starter-security-2.1.4.RELEASE.jar;E:\mymean\java\maven\rep\org\springframework\spring-aop\5.1.6.RELEASE\spring-aop-5.1.6.RELEASE.jar;E:\mymean\java\maven\rep\org\springframework\security\spring-security-config\5.1.5.RELEASE\spring-security-config-5.1.5.RELEASE.jar;E:\mymean\java\maven\rep\org\springframework\security\spring-security-core\5.1.5.RELEASE\spring-security-core-5.1.5.RELEASE.jar;E:\mymean\java\maven\rep\org\springframework\security\spring-security-web\5.1.5.RELEASE\spring-security-web-5.1.5.RELEASE.jar;E:\mymean\java\maven\rep\org\thymeleaf\extras\thymeleaf-extras-springsecurity5\3.0.4.RELEASE\thymeleaf-extras-springsecurity5-3.0.4.RELEASE.jar;E:\mymean\java\maven\rep\org\slf4j\slf4j-api\1.7.26\slf4j-api-1.7.26.jar;E:\mymean\java\maven\rep\org\springframework\boot\spring-boot-devtools\2.1.4.RELEASE\spring-boot-devtools-2.1.4.RELEASE.jar;E:\mymean\java\maven\rep\org\springframework\boot\spring-boot\2.1.4.RELEASE\spring-boot-2.1.4.RELEASE.jar;E:\mymean\java\maven\rep\org\springframework\boot\spring-boot-autoconfigure\2.1.4.RELEASE\spring-boot-autoconfigure-2.1.4.RELEASE.jar;E:\mymean\java\maven\rep\p6spy\p6spy\3.8.0\p6spy-3.8.0.jar;E:\mymean\java\maven\rep\com\github\pagehelper\pagehelper\4.1.3\pagehelper-4.1.3.jar;E:\mymean\java\maven\rep\com\github\jsqlparser\jsqlparser\0.9.4\jsqlparser-0.9.4.jar;E:\mymean\java\maven\rep\org\apache\poi\poi\3.13\poi-3.13.jar;E:\mymean\java\maven\rep\commons-codec\commons-codec\1.11\commons-codec-1.11.jar;E:\mymean\java\maven\rep\org\apache\poi\poi-ooxml\3.13\poi-ooxml-3.13.jar;E:\mymean\java\maven\rep\org\apache\poi\poi-ooxml-schemas\3.13\poi-ooxml-schemas-3.13.jar;E:\mymean\java\maven\rep\org\apache\xmlbeans\xmlbeans\2.6.0\xmlbeans-2.6.0.jar;E:\mymean\java\maven\rep\stax\stax-api\1.0.1\stax-api-1.0.1.jar;"/>
    <property name="java.vm.vendor" value="Oracle Corporation"/>
    <property name="sun.arch.data.model" value="64"/>
    <property name="user.variant" value=""/>
    <property name="java.vendor.url" value="http://java.oracle.com/"/>
    <property name="user.timezone" value="Asia/Shanghai"/>
    <property name="java.vm.specification.version" value="1.8"/>
    <property name="os.name" value="Windows 10"/>
    <property name="user.country" value="CN"/>
    <property name="sun.java.launcher" value="SUN_STANDARD"/>
    <property name="sun.boot.library.path" value="F:\jdk1.8\jre\bin"/>
    <property name="sun.java.command" value="C:\Users\asus\AppData\Local\Temp\surefire3260141284096398381\surefirebooter8666140398424270989.jar C:\Users\asus\AppData\Local\Temp\surefire3260141284096398381 2023-06-05T19-46-47_091-jvmRun1 surefire694423918681748955tmp surefire_062980689893654683tmp"/>
    <property name="surefire.test.class.path" value="C:\Users\asus\Desktop\软件\english-demo\english\target\test-classes;C:\Users\asus\Desktop\软件\english-demo\english\target\classes;E:\mymean\java\maven\rep\org\springframework\boot\spring-boot-starter-thymeleaf\2.1.4.RELEASE\spring-boot-starter-thymeleaf-2.1.4.RELEASE.jar;E:\mymean\java\maven\rep\org\springframework\boot\spring-boot-starter\2.1.4.RELEASE\spring-boot-starter-2.1.4.RELEASE.jar;E:\mymean\java\maven\rep\org\springframework\boot\spring-boot-starter-logging\2.1.4.RELEASE\spring-boot-starter-logging-2.1.4.RELEASE.jar;E:\mymean\java\maven\rep\ch\qos\logback\logback-classic\1.2.3\logback-classic-1.2.3.jar;E:\mymean\java\maven\rep\ch\qos\logback\logback-core\1.2.3\logback-core-1.2.3.jar;E:\mymean\java\maven\rep\org\apache\logging\log4j\log4j-to-slf4j\2.11.2\log4j-to-slf4j-2.11.2.jar;E:\mymean\java\maven\rep\org\apache\logging\log4j\log4j-api\2.11.2\log4j-api-2.11.2.jar;E:\mymean\java\maven\rep\org\slf4j\jul-to-slf4j\1.7.26\jul-to-slf4j-1.7.26.jar;E:\mymean\java\maven\rep\javax\annotation\javax.annotation-api\1.3.2\javax.annotation-api-1.3.2.jar;E:\mymean\java\maven\rep\org\yaml\snakeyaml\1.23\snakeyaml-1.23.jar;E:\mymean\java\maven\rep\org\thymeleaf\thymeleaf-spring5\3.0.11.RELEASE\thymeleaf-spring5-3.0.11.RELEASE.jar;E:\mymean\java\maven\rep\org\thymeleaf\thymeleaf\3.0.11.RELEASE\thymeleaf-3.0.11.RELEASE.jar;E:\mymean\java\maven\rep\org\attoparser\attoparser\2.0.5.RELEASE\attoparser-2.0.5.RELEASE.jar;E:\mymean\java\maven\rep\org\unbescape\unbescape\1.1.6.RELEASE\unbescape-1.1.6.RELEASE.jar;E:\mymean\java\maven\rep\org\thymeleaf\extras\thymeleaf-extras-java8time\3.0.4.RELEASE\thymeleaf-extras-java8time-3.0.4.RELEASE.jar;E:\mymean\java\maven\rep\org\springframework\boot\spring-boot-starter-web\2.1.4.RELEASE\spring-boot-starter-web-2.1.4.RELEASE.jar;E:\mymean\java\maven\rep\org\springframework\boot\spring-boot-starter-json\2.1.4.RELEASE\spring-boot-starter-json-2.1.4.RELEASE.jar;E:\mymean\java\maven\rep\com\fasterxml\jackson\core\jackson-databind\2.9.8\jackson-databind-2.9.8.jar;E:\mymean\java\maven\rep\com\fasterxml\jackson\core\jackson-annotations\2.9.0\jackson-annotations-2.9.0.jar;E:\mymean\java\maven\rep\com\fasterxml\jackson\core\jackson-core\2.9.8\jackson-core-2.9.8.jar;E:\mymean\java\maven\rep\com\fasterxml\jackson\datatype\jackson-datatype-jdk8\2.9.8\jackson-datatype-jdk8-2.9.8.jar;E:\mymean\java\maven\rep\com\fasterxml\jackson\datatype\jackson-datatype-jsr310\2.9.8\jackson-datatype-jsr310-2.9.8.jar;E:\mymean\java\maven\rep\com\fasterxml\jackson\module\jackson-module-parameter-names\2.9.8\jackson-module-parameter-names-2.9.8.jar;E:\mymean\java\maven\rep\org\springframework\boot\spring-boot-starter-tomcat\2.1.4.RELEASE\spring-boot-starter-tomcat-2.1.4.RELEASE.jar;E:\mymean\java\maven\rep\org\apache\tomcat\embed\tomcat-embed-core\9.0.17\tomcat-embed-core-9.0.17.jar;E:\mymean\java\maven\rep\org\apache\tomcat\embed\tomcat-embed-el\9.0.17\tomcat-embed-el-9.0.17.jar;E:\mymean\java\maven\rep\org\apache\tomcat\embed\tomcat-embed-websocket\9.0.17\tomcat-embed-websocket-9.0.17.jar;E:\mymean\java\maven\rep\org\hibernate\validator\hibernate-validator\6.0.16.Final\hibernate-validator-6.0.16.Final.jar;E:\mymean\java\maven\rep\javax\validation\validation-api\2.0.1.Final\validation-api-2.0.1.Final.jar;E:\mymean\java\maven\rep\org\jboss\logging\jboss-logging\3.3.2.Final\jboss-logging-3.3.2.Final.jar;E:\mymean\java\maven\rep\com\fasterxml\classmate\1.4.0\classmate-1.4.0.jar;E:\mymean\java\maven\rep\org\springframework\spring-web\5.1.6.RELEASE\spring-web-5.1.6.RELEASE.jar;E:\mymean\java\maven\rep\org\springframework\spring-beans\5.1.6.RELEASE\spring-beans-5.1.6.RELEASE.jar;E:\mymean\java\maven\rep\org\springframework\spring-webmvc\5.1.6.RELEASE\spring-webmvc-5.1.6.RELEASE.jar;E:\mymean\java\maven\rep\org\springframework\spring-context\5.1.6.RELEASE\spring-context-5.1.6.RELEASE.jar;E:\mymean\java\maven\rep\org\springframework\spring-expression\5.1.6.RELEASE\spring-expression-5.1.6.RELEASE.jar;E:\mymean\java\maven\rep\org\mybatis\spring\boot\mybatis-spring-boot-starter\2.0.1\mybatis-spring-boot-starter-2.0.1.jar;E:\mymean\java\maven\rep\org\springframework\boot\spring-boot-starter-jdbc\2.1.4.RELEASE\spring-boot-starter-jdbc-2.1.4.RELEASE.jar;E:\mymean\java\maven\rep\com\zaxxer\HikariCP\3.2.0\HikariCP-3.2.0.jar;E:\mymean\java\maven\rep\org\springframework\spring-jdbc\5.1.6.RELEASE\spring-jdbc-5.1.6.RELEASE.jar;E:\mymean\java\maven\rep\org\springframework\spring-tx\5.1.6.RELEASE\spring-tx-5.1.6.RELEASE.jar;E:\mymean\java\maven\rep\org\mybatis\spring\boot\mybatis-spring-boot-autoconfigure\2.0.1\mybatis-spring-boot-autoconfigure-2.0.1.jar;E:\mymean\java\maven\rep\org\mybatis\mybatis\3.5.1\mybatis-3.5.1.jar;E:\mymean\java\maven\rep\org\mybatis\mybatis-spring\2.0.1\mybatis-spring-2.0.1.jar;E:\mymean\java\maven\rep\mysql\mysql-connector-java\8.0.15\mysql-connector-java-8.0.15.jar;E:\mymean\java\maven\rep\org\springframework\boot\spring-boot-starter-test\2.1.4.RELEASE\spring-boot-starter-test-2.1.4.RELEASE.jar;E:\mymean\java\maven\rep\org\springframework\boot\spring-boot-test\2.1.4.RELEASE\spring-boot-test-2.1.4.RELEASE.jar;E:\mymean\java\maven\rep\org\springframework\boot\spring-boot-test-autoconfigure\2.1.4.RELEASE\spring-boot-test-autoconfigure-2.1.4.RELEASE.jar;E:\mymean\java\maven\rep\com\jayway\jsonpath\json-path\2.4.0\json-path-2.4.0.jar;E:\mymean\java\maven\rep\net\minidev\json-smart\2.3\json-smart-2.3.jar;E:\mymean\java\maven\rep\net\minidev\accessors-smart\1.2\accessors-smart-1.2.jar;E:\mymean\java\maven\rep\org\ow2\asm\asm\5.0.4\asm-5.0.4.jar;E:\mymean\java\maven\rep\junit\junit\4.12\junit-4.12.jar;E:\mymean\java\maven\rep\org\assertj\assertj-core\3.11.1\assertj-core-3.11.1.jar;E:\mymean\java\maven\rep\org\mockito\mockito-core\2.23.4\mockito-core-2.23.4.jar;E:\mymean\java\maven\rep\net\bytebuddy\byte-buddy\1.9.12\byte-buddy-1.9.12.jar;E:\mymean\java\maven\rep\net\bytebuddy\byte-buddy-agent\1.9.12\byte-buddy-agent-1.9.12.jar;E:\mymean\java\maven\rep\org\objenesis\objenesis\2.6\objenesis-2.6.jar;E:\mymean\java\maven\rep\org\hamcrest\hamcrest-core\1.3\hamcrest-core-1.3.jar;E:\mymean\java\maven\rep\org\hamcrest\hamcrest-library\1.3\hamcrest-library-1.3.jar;E:\mymean\java\maven\rep\org\skyscreamer\jsonassert\1.5.0\jsonassert-1.5.0.jar;E:\mymean\java\maven\rep\com\vaadin\external\google\android-json\0.0.20131108.vaadin1\android-json-0.0.20131108.vaadin1.jar;E:\mymean\java\maven\rep\org\springframework\spring-core\5.1.6.RELEASE\spring-core-5.1.6.RELEASE.jar;E:\mymean\java\maven\rep\org\springframework\spring-jcl\5.1.6.RELEASE\spring-jcl-5.1.6.RELEASE.jar;E:\mymean\java\maven\rep\org\springframework\spring-test\5.1.6.RELEASE\spring-test-5.1.6.RELEASE.jar;E:\mymean\java\maven\rep\org\xmlunit\xmlunit-core\2.6.2\xmlunit-core-2.6.2.jar;E:\mymean\java\maven\rep\org\springframework\boot\spring-boot-starter-security\2.1.4.RELEASE\spring-boot-starter-security-2.1.4.RELEASE.jar;E:\mymean\java\maven\rep\org\springframework\spring-aop\5.1.6.RELEASE\spring-aop-5.1.6.RELEASE.jar;E:\mymean\java\maven\rep\org\springframework\security\spring-security-config\5.1.5.RELEASE\spring-security-config-5.1.5.RELEASE.jar;E:\mymean\java\maven\rep\org\springframework\security\spring-security-core\5.1.5.RELEASE\spring-security-core-5.1.5.RELEASE.jar;E:\mymean\java\maven\rep\org\springframework\security\spring-security-web\5.1.5.RELEASE\spring-security-web-5.1.5.RELEASE.jar;E:\mymean\java\maven\rep\org\thymeleaf\extras\thymeleaf-extras-springsecurity5\3.0.4.RELEASE\thymeleaf-extras-springsecurity5-3.0.4.RELEASE.jar;E:\mymean\java\maven\rep\org\slf4j\slf4j-api\1.7.26\slf4j-api-1.7.26.jar;E:\mymean\java\maven\rep\org\springframework\boot\spring-boot-devtools\2.1.4.RELEASE\spring-boot-devtools-2.1.4.RELEASE.jar;E:\mymean\java\maven\rep\org\springframework\boot\spring-boot\2.1.4.RELEASE\spring-boot-2.1.4.RELEASE.jar;E:\mymean\java\maven\rep\org\springframework\boot\spring-boot-autoconfigure\2.1.4.RELEASE\spring-boot-autoconfigure-2.1.4.RELEASE.jar;E:\mymean\java\maven\rep\p6spy\p6spy\3.8.0\p6spy-3.8.0.jar;E:\mymean\java\maven\rep\com\github\pagehelper\pagehelper\4.1.3\pagehelper-4.1.3.jar;E:\mymean\java\maven\rep\com\github\jsqlparser\jsqlparser\0.9.4\jsqlparser-0.9.4.jar;E:\mymean\java\maven\rep\org\apache\poi\poi\3.13\poi-3.13.jar;E:\mymean\java\maven\rep\commons-codec\commons-codec\1.11\commons-codec-1.11.jar;E:\mymean\java\maven\rep\org\apache\poi\poi-ooxml\3.13\poi-ooxml-3.13.jar;E:\mymean\java\maven\rep\org\apache\poi\poi-ooxml-schemas\3.13\poi-ooxml-schemas-3.13.jar;E:\mymean\java\maven\rep\org\apache\xmlbeans\xmlbeans\2.6.0\xmlbeans-2.6.0.jar;E:\mymean\java\maven\rep\stax\stax-api\1.0.1\stax-api-1.0.1.jar;"/>
    <property name="sun.cpu.endian" value="little"/>
    <property name="user.home" value="C:\Users\asus"/>
    <property name="user.language" value="zh"/>
    <property name="java.specification.vendor" value="Oracle Corporation"/>
    <property name="java.home" value="F:\jdk1.8\jre"/>
    <property name="basedir" value="C:\Users\asus\Desktop\软件\english-demo\english"/>
    <property name="file.separator" value="\"/>
    <property name="line.separator" value="&#10;"/>
    <property name="java.vm.specification.vendor" value="Oracle Corporation"/>
    <property name="java.specification.name" value="Java Platform API Specification"/>
    <property name="java.awt.graphicsenv" value="sun.awt.Win32GraphicsEnvironment"/>
    <property name="surefire.real.class.path" value="C:\Users\asus\AppData\Local\Temp\surefire3260141284096398381\surefirebooter8666140398424270989.jar"/>
    <property name="sun.boot.class.path" value="F:\jdk1.8\jre\lib\resources.jar;F:\jdk1.8\jre\lib\rt.jar;F:\jdk1.8\jre\lib\sunrsasign.jar;F:\jdk1.8\jre\lib\jsse.jar;F:\jdk1.8\jre\lib\jce.jar;F:\jdk1.8\jre\lib\charsets.jar;F:\jdk1.8\jre\lib\jfr.jar;F:\jdk1.8\jre\classes"/>
    <property name="user.script" value=""/>
    <property name="sun.management.compiler" value="HotSpot 64-Bit Tiered Compilers"/>
    <property name="java.runtime.version" value="1.8.0_144-b01"/>
    <property name="user.name" value="asus"/>
    <property name="path.separator" value=";"/>
    <property name="os.version" value="10.0"/>
    <property name="java.endorsed.dirs" value="F:\jdk1.8\jre\lib\endorsed"/>
    <property name="java.runtime.name" value="Java(TM) SE Runtime Environment"/>
    <property name="file.encoding" value="GBK"/>
    <property name="java.vm.name" value="Java HotSpot(TM) 64-Bit Server VM"/>
    <property name="localRepository" value="E:\mymean\java\maven\rep"/>
    <property name="java.vendor.url.bug" value="http://bugreport.sun.com/bugreport/"/>
    <property name="java.io.tmpdir" value="C:\Users\asus\AppData\Local\Temp\"/>
    <property name="java.version" value="1.8.0_144"/>
    <property name="user.dir" value="C:\Users\asus\Desktop\软件\english-demo\english"/>
    <property name="os.arch" value="amd64"/>
    <property name="java.vm.specification.name" value="Java Virtual Machine Specification"/>
    <property name="java.awt.printerjob" value="sun.awt.windows.WPrinterJob"/>
    <property name="idea.version2019.1.2" value="true"/>
    <property name="sun.os.patch.level" value=""/>
    <property name="java.library.path" value="F:\jdk1.8\jre\bin;C:\WINDOWS\Sun\Java\bin;C:\WINDOWS\system32;C:\WINDOWS;C:\Program Files\NVIDIA GPU Computing Toolkit\CUDA\v11.7\bin;C:\Program Files\NVIDIA GPU Computing Toolkit\CUDA\v11.7\libnvvp;E:\Anaconda;E:\Anaconda\Library\mingw-w64\bin;E:\Anaconda\Library\usr\bin;E:\Anaconda\Library\bin;E:\Anaconda\Scripts;D:\python\Scripts;D:\python;F:\mysql-8.0.29-winx64\bin;F:\hadoop-3.1.0\bin;JAVA_HOME%\lib;F:\jdk1.8\lib\dt.jar;F:\jdk1.8\lib\tools.jar;C:\ProgramData\Oracle\Java\javapath;F:\VMWARE\bin\;F:\MPI\Bin\;F:\jdk1.8\bin;F:\jdk1.8\jre\bin;C:\Program Files\Common Files\Oracle\Java\javapath;C:\WINDOWS\system32;C:\WINDOWS;C:\WINDOWS\System32\Wbem;C:\WINDOWS\System32\WindowsPowerShell\v1.0\;C:\WINDOWS\System32\OpenSSH\;C:\Program Files\Microsoft SQL Server\130\Tools\Binn\;C:\Program Files\Microsoft SQL Server\Client SDK\ODBC\170\Tools\Binn\;G:\;G:\CTeX\UserData\miktex\bin;G:\CTeX\MiKTeX\miktex\bin;G:\CTeX\CTeX\ctex\bin;G:\CTeX\CTeX\cct\bin;G:\CTeX\CTeX\ty\bin;G:\CTeX\Ghostscript\gs8.70\bin;G:\CTeX\GSview\gsview;G:\CTeX\WinEdt;C:\Program Files (x86)\NVIDIA Corporation\PhysX\Common;G:\软件们\新建文件夹\微信web开发者工具\dll;C:\Program Fil;s\dotnet\;G:\新建文件夹 (2)\bin;C:\P;ogram Files (x86)\Microsoft SQL Server\100\Tools\Binn\;C:\Program Files\Microsoft SQL Server\100\Tools\Binn\;C:\Program Files\Microsoft SQL Server\100\DTS\Binn\;式系统\bin;嵌入式系统\yagarto-tools-20121018\bin;D:\嵌;式系统\yagarto-20121222\bin;:\新建文件夹\Git\cmd;D:\;入式系统\Git\Git\cmd;D:\嵌入式系统\Git\Git\cmd;D:\新建文件夹\Git;D:\新建文件夹\Git\mingw64\bin;D:\新建文件夹\Git\mingw64\libexec\git-core;C:\Program Files\Common Files\Autodesk Shared\;C:\Program Files (x86)\Autodesk\Backburner\;D:\node.js\;C:\Program Files\NVIDIA Corporation\Nsight Compute 2022.2.0\;C:\Program Files\NVIDIA Corporation\NVIDIA NvDLISR;C:\Program Files\NVIDIA GPU Computing Toolkit\CUDA\v11.7\libnvvp;C:\Program Files\NVIDIA GPU Computing Toolkit\CUDA\v11.7\bin;D:\python\Scripts\;D:\python\;C:\Users\asus\AppData\Local\Microsoft\WindowsApps;G:\软件们\新建文件夹\Microsoft VS Code\bin;C:\Users\asus\.dotnet\tools;D:\PC\PyCharm Community Edition 2021.3.3\bin;;D:\新建文件夹\Git;D:\新建文件夹\Git\mingw64\bin;D:\新建文件夹\Git\mingw64\libexec\git-core;C:\Users\asus\AppData\Roaming\npm;D:\apache-tomcat-9.0.75\bin;D:\apache-maven-3.9.2\bin;;."/>
    <property name="java.vm.info" value="mixed mode"/>
    <property name="java.vendor" value="Oracle Corporation"/>
    <property name="java.vm.version" value="25.144-b01"/>
    <property name="java.ext.dirs" value="F:\jdk1.8\jre\lib\ext;C:\WINDOWS\Sun\Java\lib\ext"/>
    <property name="sun.io.unicode.encoding" value="UnicodeLittle"/>
    <property name="maven.repo.local" value="E:\mymean\java\maven\rep"/>
    <property name="java.class.version" value="52.0"/>
  </properties>
  <testcase name="initializationError" classname="com.exam.exam.ExamApplicationTests" time="0.008">
    <error message="Unable to find a @SpringBootConfiguration, you need to use @ContextConfiguration or @SpringBootTest(classes=...) with your test" type="java.lang.IllegalStateException">java.lang.IllegalStateException: Unable to find a @SpringBootConfiguration, you need to use @ContextConfiguration or @SpringBootTest(classes=...) with your test
</error>
    <system-out><![CDATA[19:46:50.546 [main] DEBUG org.springframework.test.context.junit4.SpringJUnit4ClassRunner - SpringJUnit4ClassRunner constructor called with [class com.exam.exam.ExamApplicationTests]
19:46:50.554 [main] DEBUG org.springframework.test.context.BootstrapUtils - Instantiating CacheAwareContextLoaderDelegate from class [org.springframework.test.context.cache.DefaultCacheAwareContextLoaderDelegate]
19:46:50.593 [main] DEBUG org.springframework.test.context.BootstrapUtils - Instantiating BootstrapContext using constructor [public org.springframework.test.context.support.DefaultBootstrapContext(java.lang.Class,org.springframework.test.context.CacheAwareContextLoaderDelegate)]
19:46:50.618 [main] DEBUG org.springframework.test.context.BootstrapUtils - Instantiating TestContextBootstrapper for test class [com.exam.exam.ExamApplicationTests] from class [org.springframework.boot.test.context.SpringBootTestContextBootstrapper]
19:46:50.638 [main] INFO org.springframework.boot.test.context.SpringBootTestContextBootstrapper - Neither @ContextConfiguration nor @ContextHierarchy found for test class [com.exam.exam.ExamApplicationTests], using SpringBootContextLoader
19:46:50.644 [main] DEBUG org.springframework.test.context.support.AbstractContextLoader - Did not detect default resource location for test class [com.exam.exam.ExamApplicationTests]: class path resource [com/exam/exam/ExamApplicationTests-context.xml] does not exist
19:46:50.645 [main] DEBUG org.springframework.test.context.support.AbstractContextLoader - Did not detect default resource location for test class [com.exam.exam.ExamApplicationTests]: class path resource [com/exam/exam/ExamApplicationTestsContext.groovy] does not exist
19:46:50.645 [main] INFO org.springframework.test.context.support.AbstractContextLoader - Could not detect default resource locations for test class [com.exam.exam.ExamApplicationTests]: no resource found for suffixes {-context.xml, Context.groovy}.
19:46:50.647 [main] INFO org.springframework.test.context.support.AnnotationConfigContextLoaderUtils - Could not detect default configuration classes for test class [com.exam.exam.ExamApplicationTests]: ExamApplicationTests does not declare any static, non-private, non-final, nested classes annotated with @Configuration.
19:46:50.713 [main] DEBUG org.springframework.test.context.support.ActiveProfilesUtils - Could not find an 'annotation declaring class' for annotation type [org.springframework.test.context.ActiveProfiles] and class [com.exam.exam.ExamApplicationTests]
]]></system-out>
  </testcase>
</testsuite>